<?xml version="1.0" encoding="UTF-8"?>
<!-- Generated by org.testng.reporters.JUnitXMLReporter -->
<testsuite ignored="0" hostname="sukeerthsahana" failures="1" tests="1" name="Default test" time="18.153" errors="0" timestamp="2025-02-25T10:38:23 CST">
  <testcase classname="io.cucumber.testng.AbstractTestNGCucumberTests" name="runScenario" time="7.376">
    <failure type="java.lang.AssertionError" message="expected [true] but found [null]">
      <![CDATA[java.lang.AssertionError: expected [true] but found [null]
at org.testng.Assert.fail(Assert.java:111)
at org.testng.Assert.failNotEquals(Assert.java:1578)
at org.testng.Assert.assertEqualsImpl(Assert.java:150)
at org.testng.Assert.assertEquals(Assert.java:132)
at org.testng.Assert.assertEquals(Assert.java:656)
at org.testng.Assert.assertEquals(Assert.java:666)
at stepDefinitions.ProgramPagination.admin_should_see_the_pagination_has_next_active_link(ProgramPagination.java:60)
at ✽.Admin should see the Pagination has Next active link(file:///C:/SahanaNUMPYNINJASDET/workspace/NewTeam5BugDetectors/Selenium_Hackathon_Team5/src/test/resources/featureFiles/ProgramPagination.feature:11)
]]>
    </failure>
  </testcase> <!-- runScenario -->
</testsuite> <!-- Default test -->
