<?xml version="1.0" encoding="UTF-8"?>
<!-- Generated by org.testng.reporters.JUnitXMLReporter -->
<testsuite ignored="0" hostname="SumathiLaptop" failures="3" tests="6" name="Default test" time="25.746" errors="0" timestamp="2025-02-25T11:29:05 CST">
  <testcase classname="io.cucumber.testng.AbstractTestNGCucumberTests" name="runScenario" time="10.676">
    <failure type="java.lang.AssertionError" message="No records found expected [true] but found [false]">
      <![CDATA[java.lang.AssertionError: No records found expected [true] but found [false]
at org.testng.Assert.fail(Assert.java:111)
at org.testng.Assert.failNotEquals(Assert.java:1578)
at org.testng.Assert.assertTrue(Assert.java:57)
at stepDefinitions.ProgramPagination.admin_should_not_see_any_pagination_icons_and_message(ProgramPagination.java:135)
at ✽.Admin should not see any pagination icons and message "No records found"(file:///C:/Users/rakhy/Selenium_Hackathon/Selenium_Hackathon/Selenium_Hackathon_Team5/src/test/resources/featureFiles/ProgramPagination.feature:32)
]]>
    </failure>
  </testcase> <!-- runScenario -->
  <testcase classname="io.cucumber.testng.AbstractTestNGCucumberTests" name="runScenario" time="11.483"/>
  <testcase classname="io.cucumber.testng.AbstractTestNGCucumberTests" name="runScenario" time="13.812">
    <failure type="java.lang.AssertionError" message="Test failed because rows count is &amp;gt; 5">
      <![CDATA[java.lang.AssertionError: Test failed because rows count is > 5
at org.testng.Assert.fail(Assert.java:111)
at stepDefinitions.ProgramPagination.admin_should_see_pagination_icons_disabled(ProgramPagination.java:155)
at ✽.Admin should see pagination icons disabled(file:///C:/Users/rakhy/Selenium_Hackathon/Selenium_Hackathon/Selenium_Hackathon_Team5/src/test/resources/featureFiles/ProgramPagination.feature:37)
]]>
    </failure>
  </testcase> <!-- runScenario -->
  <testcase classname="io.cucumber.testng.AbstractTestNGCucumberTests" name="runScenario" time="14.311"/>
  <testcase classname="io.cucumber.testng.AbstractTestNGCucumberTests" name="runScenario" time="15.711"/>
  <testcase classname="io.cucumber.testng.AbstractTestNGCucumberTests" name="runScenario" time="16.551">
    <failure type="java.lang.AssertionError" message="expected [true] but found [false]">
      <![CDATA[java.lang.AssertionError: expected [true] but found [false]
at org.testng.Assert.fail(Assert.java:111)
at org.testng.Assert.failNotEquals(Assert.java:1578)
at org.testng.Assert.assertTrue(Assert.java:57)
at org.testng.Assert.assertTrue(Assert.java:67)
at stepDefinitions.ProgramPagination.admin_should_see_the_previous_page_record_on_the_table_with_pagination_has_previous_page_link(ProgramPagination.java:100)
at ✽.Admin should see the previous page record on the table with pagination has previous page link(file:///C:/Users/rakhy/Selenium_Hackathon/Selenium_Hackathon/Selenium_Hackathon_Team5/src/test/resources/featureFiles/ProgramPagination.feature:22)
]]>
    </failure>
  </testcase> <!-- runScenario -->
</testsuite> <!-- Default test -->
