<?xml version="1.0" encoding="UTF-8"?>
<!-- Generated by org.testng.reporters.JUnitReportReporter -->
<testsuite hostname="SumathiLaptop" failures="1" tests="1" name="runner.TestRunner" time="4.875" errors="0" timestamp="2025-02-25T11:16:39 CST" skipped="0">
  <testcase classname="runner.TestRunner" name="runScenario" time="4.875">
    <failure message="expected [true] but found [true]" type="java.lang.AssertionError">
      <![CDATA[java.lang.AssertionError: expected [true] but found [true]
at org.testng.Assert.fail(Assert.java:111)
at org.testng.Assert.failNotEquals(Assert.java:1578)
at org.testng.Assert.assertEqualsImpl(Assert.java:150)
at org.testng.Assert.assertEquals(Assert.java:132)
at org.testng.Assert.assertEquals(Assert.java:644)
at stepDefinitions.ProgramPagination.admin_should_see_pagination_icons_disabled(ProgramPagination.java:149)
at ✽.Admin should see pagination icons disabled(file:///C:/Users/rakhy/Selenium_Hackathon/Selenium_Hackathon/Selenium_Hackathon_Team5/src/test/resources/featureFiles/ProgramPagination.feature:37)
]]>
    </failure>
  </testcase> <!-- runScenario -->
</testsuite> <!-- runner.TestRunner -->
